[2025-10-20 05:06:25,182] INFO [ControllerEventThread controllerId=0] Starting (kafka.controller.ControllerEventManager$ControllerEventThread)
[2025-10-20 05:06:25,333] INFO [Controller id=0] 0 successfully elected as the controller. Epoch incremented to 2 and epoch zk version is now 2 (kafka.controller.KafkaController)
[2025-10-20 05:06:25,365] INFO [Controller id=0] Registering handlers (kafka.controller.KafkaController)
[2025-10-20 05:06:25,372] INFO [Controller id=0] Deleting log dir event notifications (kafka.controller.KafkaController)
[2025-10-20 05:06:25,375] INFO [Controller id=0] Deleting isr change notifications (kafka.controller.KafkaController)
[2025-10-20 05:06:25,383] INFO [Controller id=0] Initializing controller context (kafka.controller.KafkaController)
[2025-10-20 05:06:25,408] INFO [Controller id=0] Initialized broker epochs cache: HashMap(0 -> 46) (kafka.controller.KafkaController)
[2025-10-20 05:06:25,428] DEBUG [Controller id=0] Register BrokerModifications handler for Set(0) (kafka.controller.KafkaController)
[2025-10-20 05:06:25,444] DEBUG [Channel manager on controller 0]: Controller 0 trying to connect to broker 0 (kafka.controller.ControllerChannelManager)
[2025-10-20 05:06:25,452] INFO [RequestSendThread controllerId=0] Starting (kafka.controller.RequestSendThread)
[2025-10-20 05:06:25,453] INFO [Controller id=0] Currently active brokers in the cluster: Set(0) (kafka.controller.KafkaController)
[2025-10-20 05:06:25,453] INFO [Controller id=0] Currently shutting brokers in the cluster: HashSet() (kafka.controller.KafkaController)
[2025-10-20 05:06:25,453] INFO [Controller id=0] Current list of topics in the cluster: HashSet() (kafka.controller.KafkaController)
[2025-10-20 05:06:25,453] INFO [Controller id=0] Fetching topic deletions in progress (kafka.controller.KafkaController)
[2025-10-20 05:06:25,462] INFO [Controller id=0] List of topics to be deleted:  (kafka.controller.KafkaController)
[2025-10-20 05:06:25,464] INFO [Controller id=0] List of topics ineligible for deletion:  (kafka.controller.KafkaController)
[2025-10-20 05:06:25,465] INFO [Controller id=0] Initializing topic deletion manager (kafka.controller.KafkaController)
[2025-10-20 05:06:25,465] INFO [Topic Deletion Manager 0] Initializing manager with initial deletions: Set(), initial ineligible deletions: HashSet() (kafka.controller.TopicDeletionManager)
[2025-10-20 05:06:25,469] INFO [Controller id=0] Sending update metadata request (kafka.controller.KafkaController)
[2025-10-20 05:06:25,485] INFO [ReplicaStateMachine controllerId=0] Initializing replica state (kafka.controller.ZkReplicaStateMachine)
[2025-10-20 05:06:25,491] INFO [ReplicaStateMachine controllerId=0] Triggering online replica state changes (kafka.controller.ZkReplicaStateMachine)
[2025-10-20 05:06:25,500] INFO [ReplicaStateMachine controllerId=0] Triggering offline replica state changes (kafka.controller.ZkReplicaStateMachine)
[2025-10-20 05:06:25,500] DEBUG [ReplicaStateMachine controllerId=0] Started replica state machine with initial state -> HashMap() (kafka.controller.ZkReplicaStateMachine)
[2025-10-20 05:06:25,502] WARN [RequestSendThread controllerId=0] Controller 0's connection to broker BIGDATA:9092 (id: 0 rack: null) was unsuccessful (kafka.controller.RequestSendThread)
java.io.IOException: Connection to BIGDATA:9092 (id: 0 rack: null) failed.
	at org.apache.kafka.clients.NetworkClientUtils.awaitReady(NetworkClientUtils.java:71)
	at kafka.controller.RequestSendThread.brokerReady(ControllerChannelManager.scala:299)
	at kafka.controller.RequestSendThread.doWork(ControllerChannelManager.scala:252)
	at org.apache.kafka.server.util.ShutdownableThread.run(ShutdownableThread.java:135)
[2025-10-20 05:06:25,503] INFO [PartitionStateMachine controllerId=0] Initializing partition state (kafka.controller.ZkPartitionStateMachine)
[2025-10-20 05:06:25,558] INFO [PartitionStateMachine controllerId=0] Triggering online partition state changes (kafka.controller.ZkPartitionStateMachine)
[2025-10-20 05:06:25,563] DEBUG [PartitionStateMachine controllerId=0] Started partition state machine with initial state -> HashMap() (kafka.controller.ZkPartitionStateMachine)
[2025-10-20 05:06:25,565] INFO [Controller id=0] Ready to serve as the new controller with epoch 2 (kafka.controller.KafkaController)
[2025-10-20 05:06:25,619] INFO [Controller id=0] Partitions undergoing preferred replica election:  (kafka.controller.KafkaController)
[2025-10-20 05:06:25,620] INFO [Controller id=0] Partitions that completed preferred replica election:  (kafka.controller.KafkaController)
[2025-10-20 05:06:25,620] INFO [Controller id=0] Skipping preferred replica election for partitions due to topic deletion:  (kafka.controller.KafkaController)
[2025-10-20 05:06:25,620] INFO [Controller id=0] Resuming preferred replica election for partitions:  (kafka.controller.KafkaController)
[2025-10-20 05:06:25,622] INFO [Controller id=0] Starting replica leader election (PREFERRED) for partitions  triggered by ZkTriggered (kafka.controller.KafkaController)
[2025-10-20 05:06:25,639] INFO [Controller id=0] Starting the controller scheduler (kafka.controller.KafkaController)
[2025-10-20 05:06:25,698] INFO [RequestSendThread controllerId=0] Controller 0 connected to BIGDATA:9092 (id: 0 rack: null) for sending state change requests (kafka.controller.RequestSendThread)
[2025-10-20 05:06:30,641] INFO [Controller id=0] Processing automatic preferred replica leader election (kafka.controller.KafkaController)
[2025-10-20 05:06:30,642] TRACE [Controller id=0] Checking need to trigger auto leader balancing (kafka.controller.KafkaController)
[2025-10-20 05:07:56,303] INFO [Controller id=0] New topics: [Set(clima_facatativa)], deleted topics: [HashSet()], new partition replica assignment [Set(TopicIdReplicaAssignment(clima_facatativa,Some(O6m3EOHOSVeauc1MbORQUg),Map(clima_facatativa-0 -> ReplicaAssignment(replicas=0, addingReplicas=, removingReplicas=))))] (kafka.controller.KafkaController)
[2025-10-20 05:07:56,305] INFO [Controller id=0] New partition creation callback for clima_facatativa-0 (kafka.controller.KafkaController)
[2025-10-20 05:11:30,645] INFO [Controller id=0] Processing automatic preferred replica leader election (kafka.controller.KafkaController)
[2025-10-20 05:11:30,645] TRACE [Controller id=0] Checking need to trigger auto leader balancing (kafka.controller.KafkaController)
[2025-10-20 05:11:30,647] DEBUG [Controller id=0] Topics not in preferred replica for broker 0 Map() (kafka.controller.KafkaController)
[2025-10-20 05:11:30,648] TRACE [Controller id=0] Leader imbalance ratio for broker 0 is 0.0 (kafka.controller.KafkaController)
[2025-10-20 05:16:30,649] INFO [Controller id=0] Processing automatic preferred replica leader election (kafka.controller.KafkaController)
[2025-10-20 05:16:30,650] TRACE [Controller id=0] Checking need to trigger auto leader balancing (kafka.controller.KafkaController)
[2025-10-20 05:16:30,651] DEBUG [Controller id=0] Topics not in preferred replica for broker 0 Map() (kafka.controller.KafkaController)
[2025-10-20 05:16:30,651] TRACE [Controller id=0] Leader imbalance ratio for broker 0 is 0.0 (kafka.controller.KafkaController)
[2025-10-20 05:21:30,655] INFO [Controller id=0] Processing automatic preferred replica leader election (kafka.controller.KafkaController)
[2025-10-20 05:21:30,657] TRACE [Controller id=0] Checking need to trigger auto leader balancing (kafka.controller.KafkaController)
[2025-10-20 05:21:30,657] DEBUG [Controller id=0] Topics not in preferred replica for broker 0 Map() (kafka.controller.KafkaController)
[2025-10-20 05:21:30,657] TRACE [Controller id=0] Leader imbalance ratio for broker 0 is 0.0 (kafka.controller.KafkaController)
[2025-10-20 05:23:05,176] INFO [Controller id=0] Shutting down broker 0 (kafka.controller.KafkaController)
[2025-10-20 05:23:05,176] DEBUG [Controller id=0] All shutting down brokers: 0 (kafka.controller.KafkaController)
[2025-10-20 05:23:05,176] DEBUG [Controller id=0] Live brokers:  (kafka.controller.KafkaController)
[2025-10-20 05:23:05,186] TRACE [Controller id=0] All leaders = clima_facatativa-0 -> (Leader:0,ISR:0,LeaderRecoveryState:RECOVERED,LeaderEpoch:0,ZkVersion:0,ControllerEpoch:2) (kafka.controller.KafkaController)
[2025-10-20 05:23:05,478] INFO [ControllerEventThread controllerId=0] Shutting down (kafka.controller.ControllerEventManager$ControllerEventThread)
[2025-10-20 05:23:05,503] INFO [ControllerEventThread controllerId=0] Stopped (kafka.controller.ControllerEventManager$ControllerEventThread)
[2025-10-20 05:23:05,504] INFO [ControllerEventThread controllerId=0] Shutdown completed (kafka.controller.ControllerEventManager$ControllerEventThread)
[2025-10-20 05:23:05,506] DEBUG [Controller id=0] Resigning (kafka.controller.KafkaController)
[2025-10-20 05:23:05,506] DEBUG [Controller id=0] Unregister BrokerModifications handler for Set(0) (kafka.controller.KafkaController)
[2025-10-20 05:23:05,507] INFO [PartitionStateMachine controllerId=0] Stopped partition state machine (kafka.controller.ZkPartitionStateMachine)
[2025-10-20 05:23:05,507] INFO [ReplicaStateMachine controllerId=0] Stopped replica state machine (kafka.controller.ZkReplicaStateMachine)
[2025-10-20 05:23:05,509] INFO [RequestSendThread controllerId=0] Shutting down (kafka.controller.RequestSendThread)
[2025-10-20 05:23:05,509] INFO [RequestSendThread controllerId=0] Stopped (kafka.controller.RequestSendThread)
[2025-10-20 05:23:05,509] INFO [RequestSendThread controllerId=0] Shutdown completed (kafka.controller.RequestSendThread)
[2025-10-20 05:23:05,511] INFO [Controller id=0] Resigned (kafka.controller.KafkaController)
